<?xml version="1.0" encoding="UTF-8"?>
<testng-results skipped="0" failed="0" ignored="0" total="1" passed="1">
  <reporter-output>
  </reporter-output>
  <suite name="testPackage.NewTest" duration-ms="11403" started-at="2018-02-26T01:36:33Z" finished-at="2018-02-26T01:36:45Z">
    <groups>
    </groups>
    <test name="Command line test" duration-ms="11403" started-at="2018-02-26T01:36:33Z" finished-at="2018-02-26T01:36:45Z">
      <class name="testPackage.NewTest">
        <test-method status="PASS" signature="beforeTest()[pri:0, instance:testPackage.NewTest@13fee20c]" name="beforeTest" is-config="true" duration-ms="7726" started-at="2018-02-26T01:36:33Z" finished-at="2018-02-26T01:36:41Z">
          <reporter-output>
          </reporter-output>
        </test-method> <!-- beforeTest -->
        <test-method status="PASS" signature="mavenTest()[pri:0, instance:testPackage.NewTest@13fee20c]" name="mavenTest" duration-ms="2941" started-at="2018-02-26T01:36:41Z" finished-at="2018-02-26T01:36:44Z">
          <reporter-output>
          </reporter-output>
        </test-method> <!-- mavenTest -->
        <test-method status="PASS" signature="afterTest()[pri:0, instance:testPackage.NewTest@13fee20c]" name="afterTest" is-config="true" duration-ms="707" started-at="2018-02-26T01:36:44Z" finished-at="2018-02-26T01:36:45Z">
          <reporter-output>
          </reporter-output>
        </test-method> <!-- afterTest -->
      </class> <!-- testPackage.NewTest -->
    </test> <!-- Command line test -->
  </suite> <!-- testPackage.NewTest -->
</testng-results>
